Using pre-set license
Built from '2021.3/staging' branch; Version is '2021.3.18f1 (3129e69bc0c7) revision 3221990'; Using compiler version '192829333'; Build Type 'Release'
OS: 'Windows 10  (10.0.19045) 64bit CoreSingleLanguage' Language: 'en' Physical Memory: 10190 MB
BatchMode: 1, IsHumanControllingUs: 0, StartBugReporterOnCrash: 0, Is64bit: 1, IsPro: 1

COMMAND LINE ARGUMENTS:
C:\Program Files\Unity\Hub\Editor\2021.3.18f1\Editor\Unity.exe
-adb2
-batchMode
-noUpm
-name
AssetImportWorker0
-projectPath
D:/CAMABA UM/Skripsi/virtual museum/virtual-museum/virtual museum
-logFile
Logs/AssetImportWorker0.log
-srvPort
56834
Successfully changed project path to: D:/CAMABA UM/Skripsi/virtual museum/virtual-museum/virtual museum
D:/CAMABA UM/Skripsi/virtual museum/virtual-museum/virtual museum
[UnityMemory] Configuration Parameters - Can be set up in boot.config
    "memorysetup-bucket-allocator-granularity=16"
    "memorysetup-bucket-allocator-bucket-count=8"
    "memorysetup-bucket-allocator-block-size=33554432"
    "memorysetup-bucket-allocator-block-count=8"
    "memorysetup-main-allocator-block-size=16777216"
    "memorysetup-thread-allocator-block-size=16777216"
    "memorysetup-gfx-main-allocator-block-size=16777216"
    "memorysetup-gfx-thread-allocator-block-size=16777216"
    "memorysetup-cache-allocator-block-size=4194304"
    "memorysetup-typetree-allocator-block-size=2097152"
    "memorysetup-profiler-bucket-allocator-granularity=16"
    "memorysetup-profiler-bucket-allocator-bucket-count=8"
    "memorysetup-profiler-bucket-allocator-block-size=33554432"
    "memorysetup-profiler-bucket-allocator-block-count=8"
    "memorysetup-profiler-allocator-block-size=16777216"
    "memorysetup-profiler-editor-allocator-block-size=1048576"
    "memorysetup-temp-allocator-size-main=16777216"
    "memorysetup-job-temp-allocator-block-size=2097152"
    "memorysetup-job-temp-allocator-block-size-background=1048576"
    "memorysetup-job-temp-allocator-reduction-small-platforms=262144"
    "memorysetup-temp-allocator-size-background-worker=32768"
    "memorysetup-temp-allocator-size-job-worker=262144"
    "memorysetup-temp-allocator-size-preload-manager=33554432"
    "memorysetup-temp-allocator-size-nav-mesh-worker=65536"
    "memorysetup-temp-allocator-size-audio-worker=65536"
    "memorysetup-temp-allocator-size-cloud-worker=32768"
    "memorysetup-temp-allocator-size-gi-baking-worker=262144"
    "memorysetup-temp-allocator-size-gfx=262144"
Player connection [17696] Host "[IP] 192.168.56.1 [Port] 0 [Flags] 2 [Guid] 894823107 [EditorId] 894823107 [Version] 1048832 [Id] WindowsEditor(7,DESKTOP-013ID6E) [Debug] 1 [PackageName] WindowsEditor [ProjectName] Editor" joined multi-casting on [225.0.0.222:54997]...

Player connection [17696] Host "[IP] 192.168.56.1 [Port] 0 [Flags] 2 [Guid] 894823107 [EditorId] 894823107 [Version] 1048832 [Id] WindowsEditor(7,DESKTOP-013ID6E) [Debug] 1 [PackageName] WindowsEditor [ProjectName] Editor" joined alternative multi-casting on [225.0.0.222:34997]...

Refreshing native plugins compatible for Editor in 420.20 ms, found 9 plugins.
Preloading 2 native plugins for Editor in 6.62 ms.
Initialize engine version: 2021.3.18f1 (3129e69bc0c7)
[Subsystems] Discovering subsystems at path C:/Program Files/Unity/Hub/Editor/2021.3.18f1/Editor/Data/Resources/UnitySubsystems
[Subsystems] Discovering subsystems at path D:/CAMABA UM/Skripsi/virtual museum/virtual-museum/virtual museum/Assets
GfxDevice: creating device client; threaded=0; jobified=0
Direct3D:
    Version:  Direct3D 11.0 [level 11.1]
    Renderer: AMD Radeon(TM) Vega 3 Graphics (ID=0x15d8)
    Vendor:   ATI
    VRAM:     5095 MB
    Driver:   27.20.11044.5003
Shader 'Oculus/OVRMRCameraFrameLit': fallback shader 'Alpha-Diffuse' not found
Initialize mono
Mono path[0] = 'C:/Program Files/Unity/Hub/Editor/2021.3.18f1/Editor/Data/Managed'
Mono path[1] = 'C:/Program Files/Unity/Hub/Editor/2021.3.18f1/Editor/Data/MonoBleedingEdge/lib/mono/unityjit-win32'
Mono config path = 'C:/Program Files/Unity/Hub/Editor/2021.3.18f1/Editor/Data/MonoBleedingEdge/etc'
Using monoOptions --debugger-agent=transport=dt_socket,embedding=1,server=y,suspend=n,address=127.0.0.1:56824
Begin MonoManager ReloadAssembly
Registering precompiled unity dll's ...
Register platform support module: C:/Program Files/Unity/Hub/Editor/2021.3.18f1/Editor/Data/PlaybackEngines/AndroidPlayer/UnityEditor.Android.Extensions.dll
Register platform support module: C:/Program Files/Unity/Hub/Editor/2021.3.18f1/Editor/Data/PlaybackEngines/iOSSupport/UnityEditor.iOS.Extensions.dll
Register platform support module: C:/Program Files/Unity/Hub/Editor/2021.3.18f1/Editor/Data/PlaybackEngines/WindowsStandaloneSupport/UnityEditor.WindowsStandalone.Extensions.dll
Registered in 0.056059 seconds.
Native extension for WindowsStandalone target not found
[usbmuxd] Start listen thread
[usbmuxd] Listen thread started
Native extension for iOS target not found
Native extension for Android target not found
Android Extension - Scanning For ADB Devices 1074 ms
Refreshing native plugins compatible for Editor in 429.65 ms, found 9 plugins.
Preloading 2 native plugins for Editor in 0.18 ms.
Mono: successfully reloaded assembly
- Completed reload, in  3.747 seconds
Domain Reload Profiling:
	ReloadAssembly (3749ms)
		BeginReloadAssembly (271ms)
			ExecutionOrderSort (0ms)
			DisableScriptedObjects (0ms)
			BackupInstance (0ms)
			ReleaseScriptingObjects (0ms)
			CreateAndSetChildDomain (2ms)
		EndReloadAssembly (3003ms)
			LoadAssemblies (267ms)
			RebuildTransferFunctionScriptingTraits (0ms)
			SetupTypeCache (357ms)
			ReleaseScriptCaches (0ms)
			RebuildScriptCaches (104ms)
			SetupLoadedEditorAssemblies (2356ms)
				LogAssemblyErrors (0ms)
				InitializePlatformSupportModulesInManaged (1406ms)
				SetLoadedEditorAssemblies (1ms)
				RefreshPlugins (430ms)
				BeforeProcessingInitializeOnLoad (4ms)
				ProcessInitializeOnLoadAttributes (363ms)
				ProcessInitializeOnLoadMethodAttributes (152ms)
				AfterProcessingInitializeOnLoad (0ms)
				EditorAssembliesLoaded (0ms)
			ExecutionOrderSort2 (0ms)
			AwakeInstancesAfterBackupRestoration (0ms)
Platform modules already initialized, skipping
Registering precompiled user dll's ...
Registered in 0.013976 seconds.
Begin MonoManager ReloadAssembly
Symbol file LoadedFromMemory doesn't match image D:\CAMABA UM\Skripsi\virtual museum\virtual-museum\virtual museum\Library\PackageCache\com.unity.visualscripting@1.8.0\Editor\VisualScripting.Core\Dependencies\DotNetZip\Unity.VisualScripting.IonicZip.dll
Symbol file LoadedFromMemory doesn't match image D:\CAMABA UM\Skripsi\virtual museum\virtual-museum\virtual museum\Library\PackageCache\com.unity.visualscripting@1.8.0\Editor\VisualScripting.Core\Dependencies\YamlDotNet\Unity.VisualScripting.YamlDotNet.dll
Native extension for WindowsStandalone target not found
Native extension for iOS target not found
Native extension for Android target not found
Refreshing native plugins compatible for Editor in 5.99 ms, found 9 plugins.
Preloading 2 native plugins for Editor in 0.19 ms.
Package Manager log level set to [2]
[XR] OculusXRPlugin: registering subsystems
[XR] Unable to register display lifecyle provider: [1]
[XR] Oculus Input lifecycle provider registered.
[XR] Unable to register input lifecyle provider: [1]
[XR] OVRP version 1.89.0
Mono: successfully reloaded assembly
- Completed reload, in  4.221 seconds
Domain Reload Profiling:
	ReloadAssembly (4223ms)
		BeginReloadAssembly (327ms)
			ExecutionOrderSort (0ms)
			DisableScriptedObjects (15ms)
			BackupInstance (0ms)
			ReleaseScriptingObjects (0ms)
			CreateAndSetChildDomain (58ms)
		EndReloadAssembly (3577ms)
			LoadAssemblies (277ms)
			RebuildTransferFunctionScriptingTraits (0ms)
			SetupTypeCache (1165ms)
			ReleaseScriptCaches (3ms)
			RebuildScriptCaches (269ms)
			SetupLoadedEditorAssemblies (1724ms)
				LogAssemblyErrors (0ms)
				InitializePlatformSupportModulesInManaged (119ms)
				SetLoadedEditorAssemblies (2ms)
				RefreshPlugins (6ms)
				BeforeProcessingInitializeOnLoad (355ms)
				ProcessInitializeOnLoadAttributes (1144ms)
				ProcessInitializeOnLoadMethodAttributes (71ms)
				AfterProcessingInitializeOnLoad (27ms)
				EditorAssembliesLoaded (1ms)
			ExecutionOrderSort2 (0ms)
			AwakeInstancesAfterBackupRestoration (17ms)
Platform modules already initialized, skipping
========================================================================
Worker process is ready to serve import requests
Shader 'Oculus/OVRMRCameraFrameLit': fallback shader 'Alpha-Diffuse' not found
Launched and connected shader compiler UnityShaderCompiler.exe after 0.13 seconds
Refreshing native plugins compatible for Editor in 7.63 ms, found 9 plugins.
Preloading 2 native plugins for Editor in 0.21 ms.
Unloading 5086 Unused Serialized files (Serialized files now loaded: 0)
Unloading 59 unused Assets / (205.3 KB). Loaded Objects now: 5521.
Memory consumption went from 183.2 MB to 183.0 MB.
Total: 22.889700 ms (FindLiveObjects: 2.275100 ms CreateObjectMapping: 3.063300 ms MarkObjects: 15.647500 ms  DeleteObjects: 1.899300 ms)

AssetImportParameters requested are different than current active one (requested -> active):
  custom:video-decoder-ogg-theora: a1e56fd34408186e4bbccfd4996cb3dc -> 
  custom:container-muxer-webm: aa71ff27fc2769a1b78a27578f13a17b -> 
  custom:container-demuxer-webm: 4f35f7cbe854078d1ac9338744f61a02 -> 
  custom:video-encoder-webm-vp8: eb34c28f22e8b96e1ab97ce403110664 -> 
  custom:audio-encoder-webm-vorbis: bf7c407c2cedff20999df2af8eb42d56 -> 
  custom:framework-win-MediaFoundation: 216162199b28c13a410421893ffa2e32 -> 
  custom:container-demuxer-ogg: 62fdf1f143b41e24485cea50d1cbac27 -> 
  custom:video-decoder-webm-vp8: 9c59270c3fd7afecdb556c50c9e8de78 -> 
  custom:audio-decoder-ogg-vorbis: bf7c407c2cedff20999df2af8eb42d56 -> 
========================================================================
Received Import Request.
  Time since last request: 96397.006734 seconds.
  path: Assets/360 photo/IMG_20231207_112812_00_145.jpg
  artifactKey: Guid(e0fba05e30840e74cbd36f3d71ea57de) Importer(815301076,1909f56bfc062723c751e8b465ee728b)
Start importing Assets/360 photo/IMG_20231207_112812_00_145.jpg using Guid(e0fba05e30840e74cbd36f3d71ea57de) Importer(815301076,1909f56bfc062723c751e8b465ee728b)  -> (artifact id: '1c4029cbc3bf267eb0137442bcbae9ac') in 0.441772 seconds 
========================================================================
Received Import Request.
  Time since last request: 0.000088 seconds.
  path: Assets/360 photo/IMG_20231207_113409_00_148.jpg
  artifactKey: Guid(03ebd9390755bd842aa52d71dbe88d97) Importer(815301076,1909f56bfc062723c751e8b465ee728b)
Start importing Assets/360 photo/IMG_20231207_113409_00_148.jpg using Guid(03ebd9390755bd842aa52d71dbe88d97) Importer(815301076,1909f56bfc062723c751e8b465ee728b)  -> (artifact id: '5c5a5d2901ccd4ecbd2bb6e0bd1716a5') in 0.129599 seconds 
========================================================================
Received Import Request.
  Time since last request: 0.000157 seconds.
  path: Assets/360 photo/IMG_20231207_112208_00_140.jpg
  artifactKey: Guid(761123bc893208b4099094a82cc1b7c7) Importer(815301076,1909f56bfc062723c751e8b465ee728b)
Start importing Assets/360 photo/IMG_20231207_112208_00_140.jpg using Guid(761123bc893208b4099094a82cc1b7c7) Importer(815301076,1909f56bfc062723c751e8b465ee728b)  -> (artifact id: '236a43766ab0a7a03133e811d5131bea') in 0.158311 seconds 
========================================================================
Received Import Request.
  Time since last request: 0.000084 seconds.
  path: Assets/360 photo/IMG_20231207_104506_00_128.jpg
  artifactKey: Guid(26aa07ad3f23e094d9a1407fba9419e5) Importer(815301076,1909f56bfc062723c751e8b465ee728b)
Start importing Assets/360 photo/IMG_20231207_104506_00_128.jpg using Guid(26aa07ad3f23e094d9a1407fba9419e5) Importer(815301076,1909f56bfc062723c751e8b465ee728b)  -> (artifact id: '1b3b1507e42667918d9de46d1a01f5fc') in 0.175875 seconds 
========================================================================
Received Import Request.
  Time since last request: 0.000083 seconds.
  path: Assets/360 photo/IMG_20231207_112421_00_142.jpg
  artifactKey: Guid(dc0fa99bcf88fe1438dddfc9cb23db2b) Importer(815301076,1909f56bfc062723c751e8b465ee728b)
Start importing Assets/360 photo/IMG_20231207_112421_00_142.jpg using Guid(dc0fa99bcf88fe1438dddfc9cb23db2b) Importer(815301076,1909f56bfc062723c751e8b465ee728b)  -> (artifact id: '1a613a35d6cfe79c722cdbd1beb42bc0') in 0.164927 seconds 
========================================================================
Received Import Request.
  Time since last request: 0.000107 seconds.
  path: Assets/360 photo/IMG_20231207_113025_00_146.jpg
  artifactKey: Guid(5bda393c0c21d11439669ed8c8c1c53c) Importer(815301076,1909f56bfc062723c751e8b465ee728b)
Start importing Assets/360 photo/IMG_20231207_113025_00_146.jpg using Guid(5bda393c0c21d11439669ed8c8c1c53c) Importer(815301076,1909f56bfc062723c751e8b465ee728b)  -> (artifact id: 'f2dde72020cfa55fd66a35ca081d37d4') in 0.132375 seconds 
========================================================================
Received Import Request.
  Time since last request: 0.000062 seconds.
  path: Assets/360 photo/IMG_20231207_113825_00_151.jpg
  artifactKey: Guid(4a6d082e0515b344d8944a4aedc1c03f) Importer(815301076,1909f56bfc062723c751e8b465ee728b)
Start importing Assets/360 photo/IMG_20231207_113825_00_151.jpg using Guid(4a6d082e0515b344d8944a4aedc1c03f) Importer(815301076,1909f56bfc062723c751e8b465ee728b)  -> (artifact id: '5fc279cd7b91266b9a7368c2156f44a4') in 0.134253 seconds 
========================================================================
Received Import Request.
  Time since last request: 0.000105 seconds.
  path: Assets/360 photo/IMG_20231207_115445_00_154.jpg
  artifactKey: Guid(59962b7d4f19d164c9c109d7e3d7af7a) Importer(815301076,1909f56bfc062723c751e8b465ee728b)
Start importing Assets/360 photo/IMG_20231207_115445_00_154.jpg using Guid(59962b7d4f19d164c9c109d7e3d7af7a) Importer(815301076,1909f56bfc062723c751e8b465ee728b)  -> (artifact id: '8c15f7c450871e6b80ff96ed9f945c7a') in 0.131934 seconds 
========================================================================
Received Import Request.
  Time since last request: 0.000090 seconds.
  path: Assets/360 photo/IMG_20231207_105440_00_133.jpg
  artifactKey: Guid(baaf02a2a33230f4fabc494ddb5265b8) Importer(815301076,1909f56bfc062723c751e8b465ee728b)
Start importing Assets/360 photo/IMG_20231207_105440_00_133.jpg using Guid(baaf02a2a33230f4fabc494ddb5265b8) Importer(815301076,1909f56bfc062723c751e8b465ee728b)  -> (artifact id: 'd45e685ffa4049bceeadab92eb760178') in 0.148627 seconds 
========================================================================
Received Import Request.
  Time since last request: 0.000057 seconds.
  path: Assets/360 photo/IMG_20231207_104342_00_127.jpg
  artifactKey: Guid(f24c1a9637b470046a31587db24261ae) Importer(815301076,1909f56bfc062723c751e8b465ee728b)
Start importing Assets/360 photo/IMG_20231207_104342_00_127.jpg using Guid(f24c1a9637b470046a31587db24261ae) Importer(815301076,1909f56bfc062723c751e8b465ee728b)  -> (artifact id: '12e1805a79bb1450269c4c4bd9c5b94b') in 0.175879 seconds 
========================================================================
Received Import Request.
  Time since last request: 0.000092 seconds.
  path: Assets/360 photo/IMG_20231207_111833_00_137.jpg
  artifactKey: Guid(c6e0a8234d59cd54c81ed654fb04684a) Importer(815301076,1909f56bfc062723c751e8b465ee728b)
Start importing Assets/360 photo/IMG_20231207_111833_00_137.jpg using Guid(c6e0a8234d59cd54c81ed654fb04684a) Importer(815301076,1909f56bfc062723c751e8b465ee728b)  -> (artifact id: '3c660390461d76a1a2b8b7c604bdd85f') in 0.116401 seconds 
========================================================================
Received Import Request.
  Time since last request: 0.000098 seconds.
  path: Assets/360 photo/IMG_20231207_111909_00_138.jpg
  artifactKey: Guid(7ee9682a472690f49a08d57b4376a16f) Importer(815301076,1909f56bfc062723c751e8b465ee728b)
Start importing Assets/360 photo/IMG_20231207_111909_00_138.jpg using Guid(7ee9682a472690f49a08d57b4376a16f) Importer(815301076,1909f56bfc062723c751e8b465ee728b)  -> (artifact id: 'dd03f8ae114bbfe80509dfb4513dde96') in 0.092560 seconds 
========================================================================
Received Import Request.
  Time since last request: 0.000056 seconds.
  path: Assets/360 photo/pintu depan.jpg
  artifactKey: Guid(1733615cf1062ab4e9549cbfc9bfb4c3) Importer(815301076,1909f56bfc062723c751e8b465ee728b)
Start importing Assets/360 photo/pintu depan.jpg using Guid(1733615cf1062ab4e9549cbfc9bfb4c3) Importer(815301076,1909f56bfc062723c751e8b465ee728b)  -> (artifact id: 'b5a3e3c4cd273a40103882d1f98ba6a9') in 0.086991 seconds 
========================================================================
Received Import Request.
  Time since last request: 0.000112 seconds.
  path: Assets/360 photo/IMG_20231207_113701_00_150.jpg
  artifactKey: Guid(d443602f2a5bab845a05bff1f77811f2) Importer(815301076,1909f56bfc062723c751e8b465ee728b)
Start importing Assets/360 photo/IMG_20231207_113701_00_150.jpg using Guid(d443602f2a5bab845a05bff1f77811f2) Importer(815301076,1909f56bfc062723c751e8b465ee728b)  -> (artifact id: 'd1db2d79f99cf1f016a2a5d10aaaea66') in 0.076286 seconds 
========================================================================
Received Import Request.
  Time since last request: 0.000118 seconds.
  path: Assets/360 photo/IMG_20231207_111716_00_136.jpg
  artifactKey: Guid(5b2a20e67a9c4674598052251cf9c9bc) Importer(815301076,1909f56bfc062723c751e8b465ee728b)
Start importing Assets/360 photo/IMG_20231207_111716_00_136.jpg using Guid(5b2a20e67a9c4674598052251cf9c9bc) Importer(815301076,1909f56bfc062723c751e8b465ee728b)  -> (artifact id: '6cae2ad02ac244a4c96d3ce71d90cb7b') in 0.079949 seconds 
========================================================================
Received Import Request.
  Time since last request: 0.000054 seconds.
  path: Assets/360 photo/IMG_20231207_104607_00_129.jpg
  artifactKey: Guid(c565a0ffed0f84643986092e59cbdc31) Importer(815301076,1909f56bfc062723c751e8b465ee728b)
Start importing Assets/360 photo/IMG_20231207_104607_00_129.jpg using Guid(c565a0ffed0f84643986092e59cbdc31) Importer(815301076,1909f56bfc062723c751e8b465ee728b)  -> (artifact id: 'bce4f18f923fdaddfadbf99cce33eae7') in 0.071935 seconds 
========================================================================
Received Import Request.
  Time since last request: 0.000061 seconds.
  path: Assets/360 photo/IMG_20231207_105321_00_132.jpg
  artifactKey: Guid(a6f18a9f3329ad04096deb4d84355cce) Importer(815301076,1909f56bfc062723c751e8b465ee728b)
Start importing Assets/360 photo/IMG_20231207_105321_00_132.jpg using Guid(a6f18a9f3329ad04096deb4d84355cce) Importer(815301076,1909f56bfc062723c751e8b465ee728b)  -> (artifact id: '3eb49f9fb0a4bdf169d0c981772787df') in 0.075141 seconds 
========================================================================
Received Import Request.
  Time since last request: 0.000072 seconds.
  path: Assets/360 photo/IMG_20231207_114048_00_153.jpg
  artifactKey: Guid(3db9fb697537f204db81c43d7778fa89) Importer(815301076,1909f56bfc062723c751e8b465ee728b)
Start importing Assets/360 photo/IMG_20231207_114048_00_153.jpg using Guid(3db9fb697537f204db81c43d7778fa89) Importer(815301076,1909f56bfc062723c751e8b465ee728b)  -> (artifact id: 'f8052a0fb8992276233370343c9d9f37') in 0.091728 seconds 
========================================================================
Received Import Request.
  Time since last request: 0.000088 seconds.
  path: Assets/360 photo/IMG_20231207_105051_00_131.jpg
  artifactKey: Guid(76aae576a73c0be449a1b7dafe5e8404) Importer(815301076,1909f56bfc062723c751e8b465ee728b)
Start importing Assets/360 photo/IMG_20231207_105051_00_131.jpg using Guid(76aae576a73c0be449a1b7dafe5e8404) Importer(815301076,1909f56bfc062723c751e8b465ee728b)  -> (artifact id: '03d97fabcb088d291a5cd1b676d32e49') in 0.127037 seconds 
========================================================================
Received Import Request.
  Time since last request: 51.125535 seconds.
  path: Assets/360 photo/IMG_20231207_104342_00_127.jpg
  artifactKey: Guid(f24c1a9637b470046a31587db24261ae) Importer(815301076,1909f56bfc062723c751e8b465ee728b)
Start importing Assets/360 photo/IMG_20231207_104342_00_127.jpg using Guid(f24c1a9637b470046a31587db24261ae) Importer(815301076,1909f56bfc062723c751e8b465ee728b)  -> (artifact id: 'bfca3c9095d889450bcbefd6fd4a4fe9') in 1.028383 seconds 
========================================================================
Received Import Request.
  Time since last request: 191.241514 seconds.
  path: Assets/360 photo/IMG_20231207_104506_00_128.jpg
  artifactKey: Guid(26aa07ad3f23e094d9a1407fba9419e5) Importer(815301076,1909f56bfc062723c751e8b465ee728b)
Start importing Assets/360 photo/IMG_20231207_104506_00_128.jpg using Guid(26aa07ad3f23e094d9a1407fba9419e5) Importer(815301076,1909f56bfc062723c751e8b465ee728b)  -> (artifact id: 'ea634c51b292bf91399d3e7b7fba329a') in 0.902363 seconds 
========================================================================
Received Import Request.
  Time since last request: 79.255646 seconds.
  path: Assets/360 photo/IMG_20231207_104607_00_129.jpg
  artifactKey: Guid(c565a0ffed0f84643986092e59cbdc31) Importer(815301076,1909f56bfc062723c751e8b465ee728b)
Start importing Assets/360 photo/IMG_20231207_104607_00_129.jpg using Guid(c565a0ffed0f84643986092e59cbdc31) Importer(815301076,1909f56bfc062723c751e8b465ee728b)  -> (artifact id: '2402184e481c08245721ab444d261dee') in 0.918461 seconds 
